15 46 14
12 64 33
1 0 1
2 99 2
2 0 2
5 0 5
4 34 16
10 83 5
1 67 35
14 6 1
11 51 42
7 5 39
14 77 9
3 53 18
11 14 17
5 23 27
15 9 2
15 78 10
8 7 40
6 24 28
15 55 33
3 88 14
13 70 34
12 53 43
4 86 0
3 0 3
4 64 38
14 74 22
3 91 44
5 87 1
2 12 21
15 88 40
6 90 2
9 8 41
2 62 36
7 19 29
5 91 3
9 71 30
5 27 14
8 0 8
4 68 25
6 17 25
0 89 41
10 69 31
9 96 5
6 58 40
1 62 3
0 0 0
9 0 9
10 7 29
7 65 28
5 65 26
7 76 18
5 58 39
6 0 6
8 58 10
4 96 34
4 0 4
4 52 6
5 54 7
14 26 13
12 96 8
10 5 42
11 68 32
6 53 8
15 89 11
13 96 9
15 74 23
7 0 7
0 82 11
2 77 26
3 13 22
4 45 19
6 38 18
4 10 23
0 38 12
0 95 38
6 74 4
4 80 15
7 25 16
1 37 13
0 63 34
11 9 30
6 67 27
5 34 17
1 25 10
1 76 38
8 82 5
7 6 10
8 14 27
1 97 32
8 25 30
8 9 11
10 93 6
2 22 24
6 68 43
6 96 35
12 10 31
9 24 31
0 76 24
10 18 32
11 28 33
3 21 25
5 14 24
7 56 41
4 17 26
11 65 19
3 2 19
2 38 14
12 0 12
13 0 13
10 0 10
11 0 11
11 33 20
0 45 15
2 74 39
5 80 16
9 54 11
12 28 21
1 79 25
14 25 10
1 52 12
3 81 40
0 93 31
14 3 14
4 6 7
6 82 17
3 43 15
12 60 1
9 63 43
2 23 40
5 99 6
10 43 22
7 11 26
13 41 25
11 76 7
7 85 3
9 14 28
14 68 35
14 87 10
13 65 2
7 35 19
12 23 34
2 94 33
10 53 12
8 81 4
0 65 5
15 37 27
5 45 20
9 9 12
13 32 22
0 16 35
2 9 5
14 64 3
4 90 16
0 24 38
11 39 23
2 85 13
2 56 4
0 50 12
14 32 23
15 68 36
4 69 41
0 74 37
14 46 29
2 17 37
5 66 42
12 73 20
3 14 38
14 69 6
7 49 9
10 96 20
8 75 0
3 36 27
11 72 3
8 56 42
6 48 21
7 67 44
7 94 36
5 93 17
14 23 36
15 24 37
8 92 19
15 0 15
8 40 20
14 39 26
0 1 16
13 50 28
9 32 18
11 96 37
15 27 24
13 14 32
9 90 20
1 2 17
10 28 19
8 33 17
4 11 39
3 23 41
9 75 1
3 50 5
0 30 25
4 24 29
11 53 13
10 72 2
14 82 25
5 15 40
0 8 3
10 62 44
12 69 4
14 1 33
1 94 13
8 84 32
10 30 35
15 62 4
7 29 32
1 32 26
9 52 24
1 58 19
5 30 30
2 31 27
10 86 21
2 90 14
12 40 14
11 63 0
2 2 18
11 88 22
3 71 15
7 98 41
13 54 15
6 3 22
6 34 31
15 14 34
1 16 36
1 70 6
4 2 20
8 17 43
7 44 22
7 3 23
13 24 35
1 28 39
15 53 17
2 65 7
11 1 27
10 37 25
8 34 33
14 91 21
9 40 21
2 97 39
12 50 27
6 94 18
9 34 34
12 37 24
4 29 42
7 37 35
15 69 7
3 46 31
11 18 1
3 99 40
3 31 28
12 84 23
11 15 36
10 1 26
3 61 8
6 79 30
12 15 2
8 4 24
9 43 37
6 63 11
5 10 8
8 50 23
7 61 12
4 74 28
0 43 28
10 76 34
15 84 26
13 15 3
4 60 9
5 73 29
9 5 25
3 67 21
7 86 19
10 24 3
8 66 13
15 48 30
9 98 42
2 58 20
5 5 21
9 66 14
6 6 41
14 36 39
13 88 24
12 2 28
0 61 18
1 9 4
3 10 6
0 84 27
13 79 5
4 55 22
1 86 28
11 49 26
10 64 15
14 55 16
6 56 24
5 62 10
5 50 36
7 23 0
12 32 37
11 23 4
1 40 29
13 3 29
1 55 32
14 14 4
7 53 25
15 32 40
4 41 32
11 16 16
11 79 35
8 42 36
15 15 5
9 77 17
13 25 38
9 17 44
8 97 7
6 13 9
2 33 43
10 12 0
6 86 33
12 87 43
2 53 33
7 13 42
3 95 26
4 83 31
0 11 19
7 71 31
5 39 33
5 84 32
7 89 29
14 61 19
0 5 32
7 81 34
6 43 34
2 68 23
9 91 35
6 49 37
2 40 30
15 42 43
1 42 0
2 42 1
15 66 20
0 35 41
2 72 29
5 57 23
11 58 29
6 19 12
3 19 9
8 30 1
9 82 33
14 0 30
15 3 31
3 38 44
6 8 38
12 74 36
0 70 21
0 52 44
5 20 11
12 55 30
15 95 30
10 88 36
11 91 37
12 42 40
5 6 37
1 34 42
0 41 8
12 63 17
1 6 33
13 77 37
2 6 34
9 59 27
4 75 44
0 91 23
0 9 6
13 45 41
7 45 38
5 26 43
12 92 0
4 92 27
4 15 10
14 96 1
3 65 30
10 35 38
5 95 28
4 22 0
10 40 6
9 29 2
3 7 35
6 28 44
13 60 31
4 3 36
13 69 18
14 43 42
13 11 16
10 81 8
11 42 39
1 83 41
14 56 32
3 58 34
5 33 1
11 44 10
12 33 8
15 76 39
5 70 13
1 47 9
3 84 43
10 6 13
1 19 7
8 99 9
12 24 5
4 49 35
2 82 42
14 76 38
13 28 6
13 36 9
8 51 39
0 48 31
4 38 3
5 75 0
13 56 44
7 14 13
8 20 14
8 46 7
11 8 14
13 91 38
6 37 2
2 21 8
6 76 14
3 33 2
7 33 3
4 72 12
0 80 40
14 28 7
2 98 44
9 48 8
5 42 4
1 73 22
2 47 10
6 46 5
7 41 6
3 34 11
1 95 24
14 86 39
8 38 4
12 20 18
12 9 15
15 57 1
11 36 7
6 73 1
1 11 20
9 21 15
10 46 41
7 68 15
7 74 2
14 11 17
9 38 5
0 19 22
9 22 40
10 49 9
15 26 8
2 28 11
3 77 24
0 56 2
14 51 0
12 45 11
12 90 10
1 91 42
2 87 43
1 20 23
10 58 28
8 63 26
15 4 18
3 28 12
11 84 6
14 99 11
12 79 7
3 73 37
15 94 22
8 72 29
8 88 3
4 19 13
13 49 12
15 35 11
13 83 8
11 6 43
8 77 16
13 8 0
13 75 21
13 20 19
14 19 20
2 49 17
1 49 16
9 86 4
12 7 44
2 91 25
12 94 12
15 20 21
0 28 9
10 75 18
10 16 16
6 29 15
