739
175 56 178 58
0 53 1 58
133 56 136 58
107 55 109 58
0 14 3 16
156 56 159 58
90 0 93 2
0 1 3 3
160 55 162 58
127 0 129 3
117 56 120 58
15 0 18 2
110 0 112 3
145 0 148 2
119 0 122 2
55 56 58 58
0 22 2 25
8 0 11 2
0 37 3 39
95 0 97 3
176 4 178 7
91 56 94 58
139 55 141 58
175 11 178 13
19 55 21 58
78 0 81 2
86 0 89 2
122 55 124 58
39 56 42 58
175 51 178 53
86 56 89 58
43 55 45 58
113 0 115 3
64 0 66 3
24 0 26 3
0 48 2 51
141 0 144 2
159 0 162 2
167 0 170 2
32 56 35 58
0 41 3 43
97 55 99 58
100 0 102 3
11 56 14 58
6 55 8 58
23 55 25 58
0 18 3 20
104 0 106 3
175 28 178 30
175 45 178 47
0 34 3 36
151 55 153 58
38 0 40 3
176 18 178 21
67 0 70 2
29 0 31 3
32 0 34 3
66 55 68 58
134 0 136 3
175 14 178 16
175 24 178 26
152 0 154 3
82 0 85 2
169 56 172 58
112 56 115 58
171 0 173 3
71 0 73 3
0 4 3 6
125 56 128 58
41 0 43 3
104 53 105 58
71 53 72 58
163 0 166 2
4 0 5 5
143 53 144 58
73 56 76 58
62 56 65 58
27 0 28 5
173 8 178 9
149 0 151 3
175 48 178 50
173 35 178 36
146 55 148 58
116 0 117 5
0 9 5 10
22 0 23 5
173 22 178 23
53 0 58 1
9 53 10 58
79 53 80 58
173 40 178 41
17 53 18 58
52 53 53 58
0 26 5 27
0 29 5 30
50 0 52 2
29 53 30 58
82 8 84 11
64 28 66 31
100 24 103 26
105 50 108 52
104 8 107 10
16 42 18 45
40 43 42 46
103 36 106 38
110 7 112 10
98 18 100 21
81 50 84 52
87 33 89 36
128 22 130 25
146 52 149 54
170 29 173 31
26 47 28 50
116 34 118 37
56 7 59 9
54 25 57 27
70 10 73 12
9 35 11 38
104 25 106 28
29 35 31 38
85 5 88 7
34 41 36 44
87 42 90 44
21 47 24 49
141 30 143 33
139 41 141 44
4 51 6 54
82 27 84 30
67 27 70 29
77 35 80 37
111 27 113 30
40 11 42 14
29 16 32 18
50 22 53 24
62 5 64 8
171 44 173 47
119 23 121 26
36 35 38 38
160 31 162 34
57 32 59 35
32 32 35 34
137 52 140 54
111 44 114 46
90 51 92 54
132 51 135 53
18 21 21 23
16 16 19 18
101 20 104 22
130 44 133 46
75 42 78 44
59 42 61 45
65 21 68 23
88 25 91 27
151 24 154 26
120 32 122 35
54 17 57 19
43 4 46 6
107 19 110 21
119 51 122 53
22 51 25 53
108 33 111 35
114 14 117 16
82 21 85 23
27 41 29 44
106 4 109 6
135 17 137 20
11 20 13 23
60 46 63 48
101 40 104 42
72 31 75 33
42 21 44 24
159 23 161 26
79 46 82 48
6 25 9 27
65 9 67 12
124 25 126 28
84 39 86 42
15 34 18 36
122 15 125 17
37 18 39 21
4 43 6 46
48 50 51 52
12 30 14 33
74 24 77 26
78 5 81 7
12 37 15 39
46 20 49 22
126 43 128 46
96 36 99 38
24 38 26 41
32 19 34 22
20 28 23 30
94 40 96 43
163 9 165 12
50 30 52 33
24 9 27 11
11 48 13 51
128 37 131 39
64 41 66 44
123 49 125 52
69 18 71 21
138 45 141 47
129 27 132 29
150 15 152 18
162 26 164 29
160 36 163 38
138 26 141 28
24 4 26 7
34 28 37 30
45 23 48 25
20 39 23 41
44 27 46 30
58 29 61 31
97 46 99 49
117 42 119 45
97 7 99 10
8 11 10 14
52 34 54 37
117 17 119 20
42 35 44 38
93 29 95 32
113 50 116 52
166 25 168 28
107 40 110 42
70 4 72 7
103 46 105 49
67 41 70 43
114 26 116 29
168 43 170 46
29 30 31 33
125 21 127 24
142 43 144 46
138 5 140 8
69 37 71 40
127 4 130 6
100 4 102 7
33 35 35 38
7 42 9 45
78 19 81 21
26 20 29 22
151 49 153 52
63 32 65 35
171 12 173 15
157 39 159 42
170 18 173 20
112 38 115 40
140 48 143 50
123 32 126 34
4 13 7 15
154 43 157 45
14 4 16 7
167 14 169 17
117 47 120 49
100 32 102 35
128 48 130 51
93 47 96 49
93 50 95 53
158 27 160 30
168 6 171 8
7 46 10 48
158 48 161 50
148 7 150 10
113 53 116 55
117 7 119 10
26 14 28 17
5 32 7 35
49 10 52 12
166 19 169 21
157 4 159 7
148 4 151 6
90 11 92 14
93 6 95 9
127 33 130 35
105 14 107 17
151 38 153 41
108 23 111 25
147 11 150 13
37 22 40 24
146 40 148 43
94 19 97 21
56 42 58 45
30 23 33 25
95 24 97 27
41 25 43 28
35 12 38 14
153 29 155 32
39 52 42 54
75 50 77 53
112 18 115 20
137 14 140 16
139 10 141 13
67 50 69 53
149 21 152 23
168 36 170 39
164 37 166 40
166 29 168 32
71 23 73 26
32 51 34 54
84 17 86 20
156 9 158 12
129 18 132 20
72 45 75 47
43 39 45 42
65 16 68 18
56 48 58 51
145 28 147 31
15 28 18 30
0 11 2 13
89 19 91 22
48 14 51 16
31 41 33 44
13 11 16 13
37 6 39 9
75 8 77 11
145 34 148 36
62 23 64 26
8 16 10 19
23 31 25 34
5 36 8 38
72 19 74 22
30 6 32 9
49 35 51 38
44 7 46 10
11 6 13 9
155 34 158 36
164 4 167 6
124 9 126 12
53 11 56 13
72 28 75 30
78 25 80 28
38 48 41 50
60 50 63 52
47 26 50 28
107 45 109 48
49 45 51 48
60 38 62 41
159 9 161 12
56 20 59 22
68 33 71 35
53 38 56 40
60 20 63 22
164 42 166 45
73 14 76 16
19 10 21 13
101 12 104 14
102 43 105 45
96 13 98 16
155 15 157 18
56 3 58 6
15 46 17 49
143 4 145 7
131 13 134 15
42 17 44 20
79 42 81 45
149 34 152 36
94 33 97 35
18 31 21 33
134 8 136 11
44 12 47 14
162 15 164 18
160 42 162 45
61 12 63 15
146 44 148 47
60 16 62 19
64 48 66 51
158 51 161 53
141 35 144 37
65 5 68 7
140 38 143 40
127 13 129 16
171 51 173 54
79 14 82 16
125 39 127 42
20 35 22 38
10 24 12 27
45 50 47 53
143 23 146 25
31 47 34 49
119 13 121 16
14 52 16 55
55 52 57 55
132 5 135 7
11 16 13 19
48 5 51 7
89 37 91 40
52 44 54 47
75 17 77 20
66 37 68 40
45 35 48 37
50 41 53 43
160 19 162 22
59 0 60 5
160 3 162 6
24 35 27 37
29 12 31 15
96 51 99 53
133 33 136 35
19 42 22 44
40 7 42 10
7 20 10 22
144 20 147 22
82 33 85 35
33 9 36 11
166 49 169 51
130 0 133 2
149 29 151 32
12 43 14 46
53 28 56 30
44 44 47 46
93 10 95 13
84 46 87 48
36 52 38 55
96 28 98 31
42 48 44 51
143 16 145 19
152 9 154 12
109 49 112 51
86 12 89 14
100 36 102 39
25 24 27 27
92 36 95 38
137 35 140 37
132 30 135 32
44 31 46 34
124 29 127 31
36 31 39 33
163 56 166 58
79 31 81 34
139 21 141 24
91 16 94 18
32 12 34 15
134 22 136 25
127 8 130 10
134 27 137 29
127 52 130 54
15 19 17 22
172 37 175 39
22 12 24 15
72 37 74 40
26 56 28 58
35 48 37 51
85 25 87 28
20 16 23 18
5 39 8 41
113 10 116 12
116 39 119 41
37 44 39 47
8 6 10 9
124 36 127 38
134 40 136 43
147 24 149 27
121 39 124 41
155 24 158 26
151 44 153 47
38 15 41 17
17 4 19 7
159 15 161 18
131 9 133 12
85 29 87 32
57 12 60 14
113 32 115 35
75 0 77 3
167 11 170 13
122 3 124 6
78 10 80 13
74 4 76 7
101 16 103 19
139 17 142 19
101 27 103 30
115 23 118 25
82 55 85 57
168 52 170 55
3 21 5 24
4 16 6 19
162 23 165 25
3 48 6 50
164 33 167 35
78 39 81 41
120 7 122 10
154 39 156 42
170 25 172 28
8 28 11 30
123 43 125 46
113 7 116 9
136 48 138 51
86 52 89 54
90 32 92 35
171 48 174 50
45 16 47 19
162 50 164 53
50 17 53 19
142 8 144 11
70 48 72 51
73 34 76 36
77 54 78 58
69 13 71 16
174 1 178 2
29 26 31 29
23 20 25 23
89 7 91 10
39 40 42 42
129 55 132 57
65 13 68 15
131 47 134 49
146 49 149 51
38 27 40 30
86 21 88 24
83 43 86 45
58 26 61 28
133 37 136 39
110 14 113 16
4 6 7 8
81 24 84 26
137 2 140 4
168 22 171 24
18 50 21 52
98 40 100 43
60 9 63 11
83 37 88 38
101 47 102 52
11 52 13 55
45 0 47 2
20 1 21 6
134 44 137 46
53 2 55 5
48 0 49 3
58 54 63 55
168 33 171 35
153 18 154 23
120 27 122 30
100 8 103 10
47 39 52 40
137 38 138 43
161 7 166 8
150 53 155 54
138 29 139 34
174 42 177 44
145 37 148 39
76 27 77 32
52 49 54 52
113 47 116 49
109 27 110 32
53 14 56 16
67 44 68 49
86 3 91 4
71 41 74 43
26 51 31 52
111 42 116 43
93 23 94 28
110 4 115 5
142 14 147 15
91 41 92 46
105 18 106 23
149 37 150 42
29 39 34 40
47 8 52 9
159 46 164 47
117 28 118 33
33 4 38 5
10 39 11 44
170 4 175 5
157 13 162 14
2 56 4 58
29 45 30 50
148 14 149 19
150 27 155 28
35 16 36 21
125 3 126 8
165 13 166 18
98 1 99 6
122 20 123 25
35 22 36 27
19 24 24 25
58 36 59 41
108 8 109 13
114 21 119 22
28 6 29 11
145 8 146 13
58 23 60 25
7 50 9 52
0 45 3 47
13 24 14 29
65 25 70 26
94 44 99 45
73 50 74 55
142 27 144 29
47 41 49 43
101 53 103 55
63 38 65 40
157 31 159 33
39 36 41 39
68 8 73 9
47 31 49 33
64 19 68 20
87 16 89 18
69 45 71 47
86 8 88 11
176 37 178 39
35 0 37 1
126 18 128 20
89 28 92 30
163 54 167 55
58 15 59 19
15 56 16 58
76 46 78 48
14 8 17 10
163 30 165 32
45 47 47 49
103 5 105 7
51 25 53 27
69 30 71 32
174 54 178 55
15 31 17 33
133 17 134 21
129 42 133 43
118 11 122 12
18 19 22 20
51 20 55 21
75 38 77 40
149 55 150 58
33 6 36 8
60 32 61 36
75 21 77 23
173 24 174 28
110 56 111 58
117 54 121 55
55 46 59 47
122 13 126 14
149 44 150 48
144 32 148 33
0 7 3 8
95 22 100 23
120 18 125 19
127 11 130 12
141 51 142 54
39 4 42 5
20 8 23 9
144 47 145 50
154 49 157 50
78 22 81 23
107 43 110 44
128 30 131 31
135 12 138 13
74 12 77 13
82 17 83 20
2 52 3 55
120 36 123 38
156 52 157 55
111 52 112 55
167 40 170 42
98 24 99 27
99 28 100 31
102 56 103 58
120 43 122 45
155 46 158 47
171 10 174 11
64 52 66 54
53 31 55 33
89 23 92 24
121 46 122 49
55 34 56 37
171 40 172 43
141 3 142 7
123 47 127 48
142 20 143 22
100 57 101 58
67 3 69 4
57 10 59 11
166 9 170 10
137 9 138 11
82 40 83 42
103 50 104 52
146 16 147 18
95 17 97 18
82 31 84 32
131 3 133 4
29 4 31 5
62 36 64 37
133 54 135 55
28 23 29 25
166 22 167 24
5 11 7 12
17 12 18 15
171 32 178 32
172 6 175 7
92 19 93 22
31 53 31 58
145 55 145 58
18 8 19 9
110 47 112 48
38 25 39 26
158 44 159 45
35 2 37 3
143 51 144 52
85 15 95 15
86 55 96 55
107 29 107 39
110 6 120 6
43 7 43 16
4 31 4 40
100 46 100 56
96 11 106 11
151 8 160 8
138 17 138 25
108 17 116 17
20 54 28 54
158 15 158 23
65 36 72 36
110 13 117 13
92 3 92 10
93 40 93 46
156 27 156 33
163 48 170 48
145 40 145 46
126 17 132 17
48 44 48 49
126 49 126 55
78 29 78 34
47 4 52 4
143 3 148 3
46 38 46 43
47 29 52 29
153 48 157 48
47 34 51 34
120 42 124 42
97 39 97 43
112 33 112 37
88 31 92 31
149 43 153 43
7 49 10 49
148 28 148 31
148 20 151 20
79 38 82 38
145 51 145 54
142 23 142 26
35 52 35 55
54 41 57 41
56 2 58 2
56 31 56 33
